2017-11-12 16:38:22,134 0    [main] INFO  org.hibernate.annotations.common.Version  - HCANN000001: Hibernate Commons Annotations {4.0.5.Final}
2017-11-12 16:38:22,153 19   [main] INFO  org.hibernate.Version  - HHH000412: Hibernate Core {4.3.11.Final}
2017-11-12 16:38:22,157 23   [main] INFO  org.hibernate.cfg.Environment  - HHH000206: hibernate.properties not found
2017-11-12 16:38:22,161 27   [main] INFO  org.hibernate.cfg.Environment  - HHH000021: Bytecode provider name : javassist
2017-11-12 16:38:22,204 70   [main] INFO  org.hibernate.cfg.Configuration  - HHH000043: Configuring from resource: /hibernate.cfg.xml
2017-11-12 16:38:22,204 70   [main] INFO  org.hibernate.cfg.Configuration  - HHH000040: Configuration resource: /hibernate.cfg.xml
2017-11-12 16:38:22,308 174  [main] INFO  org.hibernate.cfg.Configuration  - HHH000041: Configured SessionFactory: null
2017-11-12 16:38:22,508 374  [main] WARN  org.hibernate.engine.jdbc.connections.internal.DriverManagerConnectionProviderImpl  - HHH000402: Using Hibernate built-in connection pool (not for production use!)
2017-11-12 16:38:22,513 379  [main] INFO  org.hibernate.engine.jdbc.connections.internal.DriverManagerConnectionProviderImpl  - HHH000401: using driver [com.mysql.jdbc.Driver] at URL [jdbc:mysql://localhost:3306/snaglog_test]
2017-11-12 16:38:22,515 381  [main] INFO  org.hibernate.engine.jdbc.connections.internal.DriverManagerConnectionProviderImpl  - HHH000046: Connection properties: {user=abriggs3, password=****}
2017-11-12 16:38:22,516 382  [main] INFO  org.hibernate.engine.jdbc.connections.internal.DriverManagerConnectionProviderImpl  - HHH000006: Autocommit mode: false
2017-11-12 16:38:22,516 382  [main] INFO  org.hibernate.engine.jdbc.connections.internal.DriverManagerConnectionProviderImpl  - HHH000115: Hibernate connection pool size: 20 (min=1)
2017-11-12 16:38:22,891 757  [main] INFO  org.hibernate.dialect.Dialect  - HHH000400: Using dialect: org.hibernate.dialect.MySQL5Dialect
2017-11-12 16:38:22,899 765  [main] INFO  org.hibernate.engine.jdbc.internal.LobCreatorBuilder  - HHH000423: Disabling contextual LOB creation as JDBC driver reported JDBC version [3] less than 4
2017-11-12 16:38:23,113 979  [main] INFO  org.hibernate.engine.transaction.internal.TransactionFactoryInitiator  - HHH000399: Using default transaction strategy (direct JDBC transactions)
2017-11-12 16:38:23,120 986  [main] INFO  org.hibernate.hql.internal.ast.ASTQueryTranslatorFactory  - HHH000397: Using ASTQueryTranslatorFactory
2017-11-12 16:38:23,565 1431 [main] INFO  org.hibernate.tool.hbm2ddl.SchemaExport  - HHH000227: Running hbm2ddl schema export
2017-11-12 16:38:23,583 1449 [main] ERROR org.hibernate.tool.hbm2ddl.SchemaExport  - HHH000389: Unsuccessful: alter table Log drop foreign key FK_f132q3b5wga9iq22o7pci4cjv
2017-11-12 16:38:23,584 1450 [main] ERROR org.hibernate.tool.hbm2ddl.SchemaExport  - Can't DROP 'FK_f132q3b5wga9iq22o7pci4cjv'; check that column/key exists
2017-11-12 16:38:23,587 1453 [main] ERROR org.hibernate.tool.hbm2ddl.SchemaExport  - HHH000389: Unsuccessful: alter table Snag drop foreign key FK_pqy8mp70rys8ehcjtdq213kgt
2017-11-12 16:38:23,587 1453 [main] ERROR org.hibernate.tool.hbm2ddl.SchemaExport  - Can't DROP 'FK_pqy8mp70rys8ehcjtdq213kgt'; check that column/key exists
2017-11-12 16:38:23,594 1460 [main] ERROR org.hibernate.tool.hbm2ddl.SchemaExport  - HHH000389: Unsuccessful: alter table User_roles drop foreign key FK_l2p3xdjif1s8jt03iwwthvliw
2017-11-12 16:38:23,596 1462 [main] ERROR org.hibernate.tool.hbm2ddl.SchemaExport  - Can't DROP 'FK_l2p3xdjif1s8jt03iwwthvliw'; check that column/key exists
2017-11-12 16:38:23,606 1472 [main] ERROR org.hibernate.tool.hbm2ddl.SchemaExport  - HHH000389: Unsuccessful: drop table if exists Log
2017-11-12 16:38:23,606 1472 [main] ERROR org.hibernate.tool.hbm2ddl.SchemaExport  - Cannot delete or update a parent row: a foreign key constraint fails
2017-11-12 16:38:23,632 1498 [main] ERROR org.hibernate.tool.hbm2ddl.SchemaExport  - HHH000389: Unsuccessful: drop table if exists Users
2017-11-12 16:38:23,632 1498 [main] ERROR org.hibernate.tool.hbm2ddl.SchemaExport  - Cannot delete or update a parent row: a foreign key constraint fails
2017-11-12 16:38:23,634 1500 [main] ERROR org.hibernate.tool.hbm2ddl.SchemaExport  - HHH000389: Unsuccessful: create table Log (log_id integer not null, county varchar(30), nearest_city varchar(30), put_in_location varchar(256), river_name varchar(255) not null, state varchar(2) not null, takeout_location varchar(256), users_id integer not null, primary key (log_id))
2017-11-12 16:38:23,634 1500 [main] ERROR org.hibernate.tool.hbm2ddl.SchemaExport  - Table 'Log' already exists
2017-11-12 16:38:23,643 1509 [main] ERROR org.hibernate.tool.hbm2ddl.SchemaExport  - HHH000389: Unsuccessful: create table Users (users_id integer not null, first_name varchar(30) not null, last_name varchar(30) not null, user_name varchar(30) not null, user_pass varchar(30) not null, primary key (users_id))
2017-11-12 16:38:23,643 1509 [main] ERROR org.hibernate.tool.hbm2ddl.SchemaExport  - Table 'Users' already exists
2017-11-12 16:38:23,740 1606 [main] INFO  org.hibernate.tool.hbm2ddl.SchemaExport  - HHH000230: Schema export complete
2017-11-12 16:38:23,752 1618 [main] INFO  edu.matc.entity.UserGenericDAO  - STARTED - save
2017-11-12 16:38:23,996 1862 [main] INFO  edu.matc.entity.UserGenericDAO  - FINISHED - save
2017-11-12 16:38:23,997 1863 [main] INFO  edu.matc.entity.UserGenericDAO  - STARTED - query
2017-11-12 16:38:24,142 2008 [main] INFO  edu.matc.entity.UserGenericDAO  - This is the hsql from edu.matc.entity.User
2017-11-12 16:38:24,143 2009 [main] INFO  edu.matc.entity.UserGenericDAO  - FINISHED - query. Result size=5
2017-11-12 16:38:24,144 2010 [main] INFO  edu.matc.entity.UserGenericDAO  - STARTED - get
2017-11-12 16:38:24,162 2028 [main] INFO  edu.matc.entity.UserGenericDAO  - FINISHED - get
2017-11-12 16:38:24,163 2029 [main] INFO  edu.matc.entity.UserGenericDAO  - STARTED - delete
2017-11-12 16:38:24,205 2071 [main] INFO  edu.matc.entity.UserGenericDAO  - FINISHED - delete
2017-11-12 16:38:24,219 2085 [main] INFO  edu.matc.entity.UserGenericDAO  - STARTED - query
2017-11-12 16:38:24,260 2126 [main] INFO  edu.matc.entity.UserGenericDAO  - This is the hsql FROM User where usersId = 1
2017-11-12 16:38:24,263 2129 [main] INFO  edu.matc.entity.UserGenericDAO  - FINISHED - query. Result size=1
2017-11-12 16:38:24,273 2139 [main] INFO  edu.matc.entity.UserGenericDAO  - STARTED - get
2017-11-12 16:38:24,285 2151 [main] INFO  edu.matc.entity.UserGenericDAO  - FINISHED - get
2017-11-12 16:38:24,285 2151 [main] INFO  edu.matc.entity.UserGenericDAO  - STARTED - update
2017-11-12 16:38:24,296 2162 [main] INFO  edu.matc.entity.UserGenericDAO  - FINISHED - update
2017-11-12 16:38:24,297 2163 [main] INFO  edu.matc.entity.UserGenericDAO  - STARTED - get
2017-11-12 16:38:24,304 2170 [main] INFO  edu.matc.entity.UserGenericDAO  - FINISHED - get
2017-11-12 16:38:24,309 2175 [main] INFO  edu.matc.entity.UserGenericDAO  - STARTED - get
2017-11-12 16:38:24,317 2183 [main] INFO  edu.matc.entity.UserGenericDAO  - FINISHED - get
2017-11-12 16:38:24,318 2184 [main] INFO  edu.matc.entity.UserGenericDAO  - STARTED - query
2017-11-12 16:38:24,328 2194 [main] INFO  edu.matc.entity.UserGenericDAO  - This is the hsql from edu.matc.entity.User
2017-11-12 16:38:24,333 2199 [main] INFO  edu.matc.entity.UserGenericDAO  - FINISHED - query. Result size=4
2017-11-12 16:38:24,337 2203 [main] INFO  edu.matc.entity.UserGenericDAO  - STARTED - query
2017-11-12 16:38:24,353 2219 [main] INFO  edu.matc.entity.UserGenericDAO  - This is the hsql from edu.matc.entity.User
2017-11-12 16:38:24,353 2219 [main] INFO  edu.matc.entity.UserGenericDAO  - FINISHED - query. Result size=4
2017-11-12 16:38:24,356 2222 [main] INFO  edu.matc.entity.UserGenericDAO  - STARTED - get
2017-11-12 16:38:24,360 2226 [main] INFO  edu.matc.entity.UserGenericDAO  - FINISHED - get
2017-11-12 16:38:24,360 2226 [main] INFO  edu.matc.entity.UserGenericDAO  - STARTED - delete
2017-11-12 16:38:24,365 2231 [main] INFO  edu.matc.entity.UserGenericDAO  - FINISHED - delete
2017-11-12 16:38:24,365 2231 [main] INFO  edu.matc.entity.UserGenericDAO  - STARTED - query
2017-11-12 16:38:24,367 2233 [main] INFO  edu.matc.entity.UserGenericDAO  - This is the hsql from edu.matc.entity.User
2017-11-12 16:38:24,367 2233 [main] INFO  edu.matc.entity.UserGenericDAO  - FINISHED - query. Result size=3
2017-11-12 16:38:24,370 2236 [main] INFO  edu.matc.entity.UserGenericDAO  - STARTED - save
2017-11-12 16:38:24,376 2242 [main] INFO  edu.matc.entity.UserGenericDAO  - FINISHED - save
2017-11-12 16:38:24,386 2252 [main] INFO  org.hibernate.cfg.Configuration  - HHH000043: Configuring from resource: /hibernate.cfg.xml
2017-11-12 16:38:24,386 2252 [main] INFO  org.hibernate.cfg.Configuration  - HHH000040: Configuration resource: /hibernate.cfg.xml
2017-11-12 16:38:24,436 2302 [main] INFO  org.hibernate.cfg.Configuration  - HHH000041: Configured SessionFactory: null
2017-11-12 16:38:24,446 2312 [main] WARN  org.hibernate.engine.jdbc.connections.internal.DriverManagerConnectionProviderImpl  - HHH000402: Using Hibernate built-in connection pool (not for production use!)
2017-11-12 16:38:24,466 2332 [main] INFO  org.hibernate.engine.jdbc.connections.internal.DriverManagerConnectionProviderImpl  - HHH000401: using driver [com.mysql.jdbc.Driver] at URL [jdbc:mysql://localhost:3306/snaglog_test]
2017-11-12 16:38:24,466 2332 [main] INFO  org.hibernate.engine.jdbc.connections.internal.DriverManagerConnectionProviderImpl  - HHH000046: Connection properties: {user=abriggs3, password=****}
2017-11-12 16:38:24,467 2333 [main] INFO  org.hibernate.engine.jdbc.connections.internal.DriverManagerConnectionProviderImpl  - HHH000006: Autocommit mode: false
2017-11-12 16:38:24,472 2338 [main] INFO  org.hibernate.engine.jdbc.connections.internal.DriverManagerConnectionProviderImpl  - HHH000115: Hibernate connection pool size: 20 (min=1)
2017-11-12 16:38:24,512 2378 [main] INFO  org.hibernate.dialect.Dialect  - HHH000400: Using dialect: org.hibernate.dialect.MySQL5Dialect
2017-11-12 16:38:24,512 2378 [main] INFO  org.hibernate.engine.jdbc.internal.LobCreatorBuilder  - HHH000423: Disabling contextual LOB creation as JDBC driver reported JDBC version [3] less than 4
2017-11-12 16:38:24,553 2419 [main] INFO  org.hibernate.engine.transaction.internal.TransactionFactoryInitiator  - HHH000399: Using default transaction strategy (direct JDBC transactions)
2017-11-12 16:38:24,553 2419 [main] INFO  org.hibernate.hql.internal.ast.ASTQueryTranslatorFactory  - HHH000397: Using ASTQueryTranslatorFactory
2017-11-12 16:38:24,604 2470 [main] INFO  org.hibernate.tool.hbm2ddl.SchemaExport  - HHH000227: Running hbm2ddl schema export
2017-11-12 16:38:24,608 2474 [main] ERROR org.hibernate.tool.hbm2ddl.SchemaExport  - HHH000389: Unsuccessful: alter table Log drop foreign key FK_f132q3b5wga9iq22o7pci4cjv
2017-11-12 16:38:24,609 2475 [main] ERROR org.hibernate.tool.hbm2ddl.SchemaExport  - Can't DROP 'FK_f132q3b5wga9iq22o7pci4cjv'; check that column/key exists
2017-11-12 16:38:24,611 2477 [main] ERROR org.hibernate.tool.hbm2ddl.SchemaExport  - HHH000389: Unsuccessful: alter table Snag drop foreign key FK_pqy8mp70rys8ehcjtdq213kgt
2017-11-12 16:38:24,611 2477 [main] ERROR org.hibernate.tool.hbm2ddl.SchemaExport  - Can't DROP 'FK_pqy8mp70rys8ehcjtdq213kgt'; check that column/key exists
2017-11-12 16:38:24,612 2478 [main] ERROR org.hibernate.tool.hbm2ddl.SchemaExport  - HHH000389: Unsuccessful: alter table User_roles drop foreign key FK_l2p3xdjif1s8jt03iwwthvliw
2017-11-12 16:38:24,613 2479 [main] ERROR org.hibernate.tool.hbm2ddl.SchemaExport  - Can't DROP 'FK_l2p3xdjif1s8jt03iwwthvliw'; check that column/key exists
2017-11-12 16:38:24,619 2485 [main] ERROR org.hibernate.tool.hbm2ddl.SchemaExport  - HHH000389: Unsuccessful: drop table if exists Log
2017-11-12 16:38:24,619 2485 [main] ERROR org.hibernate.tool.hbm2ddl.SchemaExport  - Cannot delete or update a parent row: a foreign key constraint fails
2017-11-12 16:38:24,633 2499 [main] ERROR org.hibernate.tool.hbm2ddl.SchemaExport  - HHH000389: Unsuccessful: drop table if exists Users
2017-11-12 16:38:24,633 2499 [main] ERROR org.hibernate.tool.hbm2ddl.SchemaExport  - Cannot delete or update a parent row: a foreign key constraint fails
2017-11-12 16:38:24,635 2501 [main] ERROR org.hibernate.tool.hbm2ddl.SchemaExport  - HHH000389: Unsuccessful: create table Log (log_id integer not null, county varchar(30), nearest_city varchar(30), put_in_location varchar(256), river_name varchar(255) not null, state varchar(2) not null, takeout_location varchar(256), users_id integer not null, primary key (log_id))
2017-11-12 16:38:24,635 2501 [main] ERROR org.hibernate.tool.hbm2ddl.SchemaExport  - Table 'Log' already exists
2017-11-12 16:38:24,650 2516 [main] ERROR org.hibernate.tool.hbm2ddl.SchemaExport  - HHH000389: Unsuccessful: create table Users (users_id integer not null, first_name varchar(30) not null, last_name varchar(30) not null, user_name varchar(30) not null, user_pass varchar(30) not null, primary key (users_id))
2017-11-12 16:38:24,651 2517 [main] ERROR org.hibernate.tool.hbm2ddl.SchemaExport  - Table 'Users' already exists
2017-11-12 16:38:24,803 2669 [main] INFO  org.hibernate.tool.hbm2ddl.SchemaExport  - HHH000230: Schema export complete
2017-11-12 16:39:35,026 0    [http-nio-8080-exec-10] ERROR edu.matc.contoller.MarkSnag  - HERE ARE THE FORM VALUES: 46.026528, -89.439697, null, 34, This is a real problem
2017-11-13 10:14:49,886 0    [main] INFO  org.hibernate.annotations.common.Version  - HCANN000001: Hibernate Commons Annotations {4.0.5.Final}
2017-11-13 10:14:49,899 13   [main] INFO  org.hibernate.Version  - HHH000412: Hibernate Core {4.3.11.Final}
2017-11-13 10:14:49,904 18   [main] INFO  org.hibernate.cfg.Environment  - HHH000206: hibernate.properties not found
2017-11-13 10:14:49,907 21   [main] INFO  org.hibernate.cfg.Environment  - HHH000021: Bytecode provider name : javassist
2017-11-13 10:14:49,946 60   [main] INFO  org.hibernate.cfg.Configuration  - HHH000043: Configuring from resource: /hibernate.cfg.xml
2017-11-13 10:14:49,946 60   [main] INFO  org.hibernate.cfg.Configuration  - HHH000040: Configuration resource: /hibernate.cfg.xml
2017-11-13 10:14:50,106 220  [main] INFO  org.hibernate.cfg.Configuration  - HHH000041: Configured SessionFactory: null
2017-11-13 10:14:50,475 589  [main] WARN  org.hibernate.engine.jdbc.connections.internal.DriverManagerConnectionProviderImpl  - HHH000402: Using Hibernate built-in connection pool (not for production use!)
2017-11-13 10:14:50,486 600  [main] INFO  org.hibernate.engine.jdbc.connections.internal.DriverManagerConnectionProviderImpl  - HHH000401: using driver [com.mysql.jdbc.Driver] at URL [jdbc:mysql://localhost:3306/snaglog_test]
2017-11-13 10:14:50,490 604  [main] INFO  org.hibernate.engine.jdbc.connections.internal.DriverManagerConnectionProviderImpl  - HHH000046: Connection properties: {user=abriggs3, password=****}
2017-11-13 10:14:50,492 606  [main] INFO  org.hibernate.engine.jdbc.connections.internal.DriverManagerConnectionProviderImpl  - HHH000006: Autocommit mode: false
2017-11-13 10:14:50,493 607  [main] INFO  org.hibernate.engine.jdbc.connections.internal.DriverManagerConnectionProviderImpl  - HHH000115: Hibernate connection pool size: 20 (min=1)
2017-11-13 10:14:51,410 1524 [main] INFO  org.hibernate.dialect.Dialect  - HHH000400: Using dialect: org.hibernate.dialect.MySQL5Dialect
2017-11-13 10:14:51,446 1560 [main] INFO  org.hibernate.engine.jdbc.internal.LobCreatorBuilder  - HHH000423: Disabling contextual LOB creation as JDBC driver reported JDBC version [3] less than 4
2017-11-13 10:14:51,953 2067 [main] INFO  org.hibernate.engine.transaction.internal.TransactionFactoryInitiator  - HHH000399: Using default transaction strategy (direct JDBC transactions)
2017-11-13 10:14:51,959 2073 [main] INFO  org.hibernate.hql.internal.ast.ASTQueryTranslatorFactory  - HHH000397: Using ASTQueryTranslatorFactory
2017-11-13 10:14:52,424 2538 [main] INFO  org.hibernate.tool.hbm2ddl.SchemaExport  - HHH000227: Running hbm2ddl schema export
2017-11-13 10:14:52,473 2587 [main] ERROR org.hibernate.tool.hbm2ddl.SchemaExport  - HHH000389: Unsuccessful: alter table Log drop foreign key FK_f132q3b5wga9iq22o7pci4cjv
2017-11-13 10:14:52,474 2588 [main] ERROR org.hibernate.tool.hbm2ddl.SchemaExport  - Can't DROP 'FK_f132q3b5wga9iq22o7pci4cjv'; check that column/key exists
2017-11-13 10:14:52,480 2594 [main] ERROR org.hibernate.tool.hbm2ddl.SchemaExport  - HHH000389: Unsuccessful: alter table Snag drop foreign key FK_pqy8mp70rys8ehcjtdq213kgt
2017-11-13 10:14:52,480 2594 [main] ERROR org.hibernate.tool.hbm2ddl.SchemaExport  - Can't DROP 'FK_pqy8mp70rys8ehcjtdq213kgt'; check that column/key exists
2017-11-13 10:14:52,489 2603 [main] ERROR org.hibernate.tool.hbm2ddl.SchemaExport  - HHH000389: Unsuccessful: alter table User_roles drop foreign key FK_l2p3xdjif1s8jt03iwwthvliw
2017-11-13 10:14:52,489 2603 [main] ERROR org.hibernate.tool.hbm2ddl.SchemaExport  - Can't DROP 'FK_l2p3xdjif1s8jt03iwwthvliw'; check that column/key exists
2017-11-13 10:14:52,497 2611 [main] ERROR org.hibernate.tool.hbm2ddl.SchemaExport  - HHH000389: Unsuccessful: drop table if exists Log
2017-11-13 10:14:52,502 2616 [main] ERROR org.hibernate.tool.hbm2ddl.SchemaExport  - Cannot delete or update a parent row: a foreign key constraint fails
2017-11-13 10:14:52,523 2637 [main] ERROR org.hibernate.tool.hbm2ddl.SchemaExport  - HHH000389: Unsuccessful: drop table if exists Users
2017-11-13 10:14:52,523 2637 [main] ERROR org.hibernate.tool.hbm2ddl.SchemaExport  - Cannot delete or update a parent row: a foreign key constraint fails
2017-11-13 10:14:52,526 2640 [main] ERROR org.hibernate.tool.hbm2ddl.SchemaExport  - HHH000389: Unsuccessful: create table Log (log_id integer not null, county varchar(30), nearest_city varchar(30), put_in_location varchar(256), river_name varchar(255) not null, state varchar(2) not null, takeout_location varchar(256), users_id integer not null, primary key (log_id))
2017-11-13 10:14:52,526 2640 [main] ERROR org.hibernate.tool.hbm2ddl.SchemaExport  - Table 'Log' already exists
2017-11-13 10:14:52,537 2651 [main] ERROR org.hibernate.tool.hbm2ddl.SchemaExport  - HHH000389: Unsuccessful: create table Users (users_id integer not null, first_name varchar(30) not null, last_name varchar(30) not null, user_name varchar(30) not null, user_pass varchar(30) not null, primary key (users_id))
2017-11-13 10:14:52,537 2651 [main] ERROR org.hibernate.tool.hbm2ddl.SchemaExport  - Table 'Users' already exists
2017-11-13 10:14:52,660 2774 [main] INFO  org.hibernate.tool.hbm2ddl.SchemaExport  - HHH000230: Schema export complete
2017-11-13 10:14:52,724 2838 [main] INFO  edu.matc.entity.UserGenericDAO  - STARTED - save
2017-11-13 10:14:52,961 3075 [main] INFO  edu.matc.entity.UserGenericDAO  - FINISHED - save
2017-11-13 10:14:52,961 3075 [main] INFO  edu.matc.entity.UserGenericDAO  - STARTED - query
2017-11-13 10:14:53,116 3230 [main] INFO  edu.matc.entity.UserGenericDAO  - This is the hsql from edu.matc.entity.User
2017-11-13 10:14:53,116 3230 [main] INFO  edu.matc.entity.UserGenericDAO  - FINISHED - query. Result size=5
2017-11-13 10:14:53,119 3233 [main] INFO  edu.matc.entity.UserGenericDAO  - STARTED - get
2017-11-13 10:14:53,131 3245 [main] INFO  edu.matc.entity.UserGenericDAO  - FINISHED - get
2017-11-13 10:14:53,132 3246 [main] INFO  edu.matc.entity.UserGenericDAO  - STARTED - delete
2017-11-13 10:14:53,182 3296 [main] INFO  edu.matc.entity.UserGenericDAO  - FINISHED - delete
2017-11-13 10:14:53,195 3309 [main] INFO  edu.matc.entity.UserGenericDAO  - STARTED - query
2017-11-13 10:14:53,230 3344 [main] INFO  edu.matc.entity.UserGenericDAO  - This is the hsql FROM User where usersId = 1
2017-11-13 10:14:53,230 3344 [main] INFO  edu.matc.entity.UserGenericDAO  - FINISHED - query. Result size=1
2017-11-13 10:14:53,234 3348 [main] INFO  edu.matc.entity.UserGenericDAO  - STARTED - get
2017-11-13 10:14:53,245 3359 [main] INFO  edu.matc.entity.UserGenericDAO  - FINISHED - get
2017-11-13 10:14:53,246 3360 [main] INFO  edu.matc.entity.UserGenericDAO  - STARTED - update
2017-11-13 10:14:53,259 3373 [main] INFO  edu.matc.entity.UserGenericDAO  - FINISHED - update
2017-11-13 10:14:53,260 3374 [main] INFO  edu.matc.entity.UserGenericDAO  - STARTED - get
2017-11-13 10:14:53,264 3378 [main] INFO  edu.matc.entity.UserGenericDAO  - FINISHED - get
2017-11-13 10:14:53,268 3382 [main] INFO  edu.matc.entity.UserGenericDAO  - STARTED - get
2017-11-13 10:14:53,274 3388 [main] INFO  edu.matc.entity.UserGenericDAO  - FINISHED - get
2017-11-13 10:14:53,275 3389 [main] INFO  edu.matc.entity.UserGenericDAO  - STARTED - query
2017-11-13 10:14:53,289 3403 [main] INFO  edu.matc.entity.UserGenericDAO  - This is the hsql from edu.matc.entity.User
2017-11-13 10:14:53,289 3403 [main] INFO  edu.matc.entity.UserGenericDAO  - FINISHED - query. Result size=4
2017-11-13 10:14:53,292 3406 [main] INFO  edu.matc.entity.UserGenericDAO  - STARTED - query
2017-11-13 10:14:53,298 3412 [main] INFO  edu.matc.entity.UserGenericDAO  - This is the hsql from edu.matc.entity.User
2017-11-13 10:14:53,298 3412 [main] INFO  edu.matc.entity.UserGenericDAO  - FINISHED - query. Result size=4
2017-11-13 10:14:53,303 3417 [main] INFO  edu.matc.entity.UserGenericDAO  - STARTED - get
2017-11-13 10:14:53,304 3418 [main] INFO  edu.matc.entity.UserGenericDAO  - FINISHED - get
2017-11-13 10:14:53,305 3419 [main] INFO  edu.matc.entity.UserGenericDAO  - STARTED - delete
2017-11-13 10:14:53,310 3424 [main] INFO  edu.matc.entity.UserGenericDAO  - FINISHED - delete
2017-11-13 10:14:53,310 3424 [main] INFO  edu.matc.entity.UserGenericDAO  - STARTED - query
2017-11-13 10:14:53,314 3428 [main] INFO  edu.matc.entity.UserGenericDAO  - This is the hsql from edu.matc.entity.User
2017-11-13 10:14:53,315 3429 [main] INFO  edu.matc.entity.UserGenericDAO  - FINISHED - query. Result size=3
2017-11-13 10:14:53,316 3430 [main] INFO  edu.matc.entity.UserGenericDAO  - STARTED - save
2017-11-13 10:14:53,323 3437 [main] INFO  edu.matc.entity.UserGenericDAO  - FINISHED - save
2017-11-13 10:14:53,334 3448 [main] INFO  org.hibernate.cfg.Configuration  - HHH000043: Configuring from resource: /hibernate.cfg.xml
2017-11-13 10:14:53,335 3449 [main] INFO  org.hibernate.cfg.Configuration  - HHH000040: Configuration resource: /hibernate.cfg.xml
2017-11-13 10:14:53,361 3475 [main] INFO  org.hibernate.cfg.Configuration  - HHH000041: Configured SessionFactory: null
2017-11-13 10:14:53,378 3492 [main] WARN  org.hibernate.engine.jdbc.connections.internal.DriverManagerConnectionProviderImpl  - HHH000402: Using Hibernate built-in connection pool (not for production use!)
2017-11-13 10:14:53,398 3512 [main] INFO  org.hibernate.engine.jdbc.connections.internal.DriverManagerConnectionProviderImpl  - HHH000401: using driver [com.mysql.jdbc.Driver] at URL [jdbc:mysql://localhost:3306/snaglog_test]
2017-11-13 10:14:53,398 3512 [main] INFO  org.hibernate.engine.jdbc.connections.internal.DriverManagerConnectionProviderImpl  - HHH000046: Connection properties: {user=abriggs3, password=****}
2017-11-13 10:14:53,399 3513 [main] INFO  org.hibernate.engine.jdbc.connections.internal.DriverManagerConnectionProviderImpl  - HHH000006: Autocommit mode: false
2017-11-13 10:14:53,399 3513 [main] INFO  org.hibernate.engine.jdbc.connections.internal.DriverManagerConnectionProviderImpl  - HHH000115: Hibernate connection pool size: 20 (min=1)
2017-11-13 10:14:53,432 3546 [main] INFO  org.hibernate.dialect.Dialect  - HHH000400: Using dialect: org.hibernate.dialect.MySQL5Dialect
2017-11-13 10:14:53,436 3550 [main] INFO  org.hibernate.engine.jdbc.internal.LobCreatorBuilder  - HHH000423: Disabling contextual LOB creation as JDBC driver reported JDBC version [3] less than 4
2017-11-13 10:14:53,487 3601 [main] INFO  org.hibernate.engine.transaction.internal.TransactionFactoryInitiator  - HHH000399: Using default transaction strategy (direct JDBC transactions)
2017-11-13 10:14:53,489 3603 [main] INFO  org.hibernate.hql.internal.ast.ASTQueryTranslatorFactory  - HHH000397: Using ASTQueryTranslatorFactory
2017-11-13 10:14:53,575 3689 [main] INFO  org.hibernate.tool.hbm2ddl.SchemaExport  - HHH000227: Running hbm2ddl schema export
2017-11-13 10:14:53,579 3693 [main] ERROR org.hibernate.tool.hbm2ddl.SchemaExport  - HHH000389: Unsuccessful: alter table Log drop foreign key FK_f132q3b5wga9iq22o7pci4cjv
2017-11-13 10:14:53,579 3693 [main] ERROR org.hibernate.tool.hbm2ddl.SchemaExport  - Can't DROP 'FK_f132q3b5wga9iq22o7pci4cjv'; check that column/key exists
2017-11-13 10:14:53,580 3694 [main] ERROR org.hibernate.tool.hbm2ddl.SchemaExport  - HHH000389: Unsuccessful: alter table Snag drop foreign key FK_pqy8mp70rys8ehcjtdq213kgt
2017-11-13 10:14:53,581 3695 [main] ERROR org.hibernate.tool.hbm2ddl.SchemaExport  - Can't DROP 'FK_pqy8mp70rys8ehcjtdq213kgt'; check that column/key exists
2017-11-13 10:14:53,582 3696 [main] ERROR org.hibernate.tool.hbm2ddl.SchemaExport  - HHH000389: Unsuccessful: alter table User_roles drop foreign key FK_l2p3xdjif1s8jt03iwwthvliw
2017-11-13 10:14:53,587 3701 [main] ERROR org.hibernate.tool.hbm2ddl.SchemaExport  - Can't DROP 'FK_l2p3xdjif1s8jt03iwwthvliw'; check that column/key exists
2017-11-13 10:14:53,596 3710 [main] ERROR org.hibernate.tool.hbm2ddl.SchemaExport  - HHH000389: Unsuccessful: drop table if exists Log
2017-11-13 10:14:53,596 3710 [main] ERROR org.hibernate.tool.hbm2ddl.SchemaExport  - Cannot delete or update a parent row: a foreign key constraint fails
2017-11-13 10:14:53,613 3727 [main] ERROR org.hibernate.tool.hbm2ddl.SchemaExport  - HHH000389: Unsuccessful: drop table if exists Users
2017-11-13 10:14:53,614 3728 [main] ERROR org.hibernate.tool.hbm2ddl.SchemaExport  - Cannot delete or update a parent row: a foreign key constraint fails
2017-11-13 10:14:53,615 3729 [main] ERROR org.hibernate.tool.hbm2ddl.SchemaExport  - HHH000389: Unsuccessful: create table Log (log_id integer not null, county varchar(30), nearest_city varchar(30), put_in_location varchar(256), river_name varchar(255) not null, state varchar(2) not null, takeout_location varchar(256), users_id integer not null, primary key (log_id))
2017-11-13 10:14:53,617 3731 [main] ERROR org.hibernate.tool.hbm2ddl.SchemaExport  - Table 'Log' already exists
2017-11-13 10:14:53,628 3742 [main] ERROR org.hibernate.tool.hbm2ddl.SchemaExport  - HHH000389: Unsuccessful: create table Users (users_id integer not null, first_name varchar(30) not null, last_name varchar(30) not null, user_name varchar(30) not null, user_pass varchar(30) not null, primary key (users_id))
2017-11-13 10:14:53,629 3743 [main] ERROR org.hibernate.tool.hbm2ddl.SchemaExport  - Table 'Users' already exists
2017-11-13 10:14:53,762 3876 [main] INFO  org.hibernate.tool.hbm2ddl.SchemaExport  - HHH000230: Schema export complete
2017-11-13 10:16:24,541 0    [http-nio-8080-exec-5] INFO  org.hibernate.annotations.common.Version  - HCANN000001: Hibernate Commons Annotations {4.0.5.Final}
2017-11-13 10:16:24,569 28   [http-nio-8080-exec-5] INFO  org.hibernate.Version  - HHH000412: Hibernate Core {4.3.11.Final}
2017-11-13 10:16:24,572 31   [http-nio-8080-exec-5] INFO  org.hibernate.cfg.Environment  - HHH000206: hibernate.properties not found
2017-11-13 10:16:24,579 38   [http-nio-8080-exec-5] INFO  org.hibernate.cfg.Environment  - HHH000021: Bytecode provider name : javassist
2017-11-13 10:16:24,618 77   [http-nio-8080-exec-5] INFO  org.hibernate.cfg.Configuration  - HHH000043: Configuring from resource: /hibernate.cfg.xml
2017-11-13 10:16:24,618 77   [http-nio-8080-exec-5] INFO  org.hibernate.cfg.Configuration  - HHH000040: Configuration resource: /hibernate.cfg.xml
2017-11-13 10:16:24,730 189  [http-nio-8080-exec-5] INFO  org.hibernate.cfg.Configuration  - HHH000041: Configured SessionFactory: null
2017-11-13 10:16:24,902 361  [http-nio-8080-exec-5] WARN  org.hibernate.engine.jdbc.connections.internal.DriverManagerConnectionProviderImpl  - HHH000402: Using Hibernate built-in connection pool (not for production use!)
2017-11-13 10:16:24,907 366  [http-nio-8080-exec-5] INFO  org.hibernate.engine.jdbc.connections.internal.DriverManagerConnectionProviderImpl  - HHH000401: using driver [com.mysql.jdbc.Driver] at URL [jdbc:mysql://localhost:3306/snaglog]
2017-11-13 10:16:24,908 367  [http-nio-8080-exec-5] INFO  org.hibernate.engine.jdbc.connections.internal.DriverManagerConnectionProviderImpl  - HHH000046: Connection properties: {user=abriggs3, password=****}
2017-11-13 10:16:24,908 367  [http-nio-8080-exec-5] INFO  org.hibernate.engine.jdbc.connections.internal.DriverManagerConnectionProviderImpl  - HHH000006: Autocommit mode: false
2017-11-13 10:16:24,909 368  [http-nio-8080-exec-5] INFO  org.hibernate.engine.jdbc.connections.internal.DriverManagerConnectionProviderImpl  - HHH000115: Hibernate connection pool size: 20 (min=1)
2017-11-13 10:16:25,354 813  [http-nio-8080-exec-5] INFO  org.hibernate.dialect.Dialect  - HHH000400: Using dialect: org.hibernate.dialect.MySQL5Dialect
2017-11-13 10:16:25,367 826  [http-nio-8080-exec-5] INFO  org.hibernate.engine.jdbc.internal.LobCreatorBuilder  - HHH000423: Disabling contextual LOB creation as JDBC driver reported JDBC version [3] less than 4
2017-11-13 10:16:25,641 1100 [http-nio-8080-exec-5] INFO  org.hibernate.engine.transaction.internal.TransactionFactoryInitiator  - HHH000399: Using default transaction strategy (direct JDBC transactions)
2017-11-13 10:16:25,645 1104 [http-nio-8080-exec-5] INFO  org.hibernate.hql.internal.ast.ASTQueryTranslatorFactory  - HHH000397: Using ASTQueryTranslatorFactory
2017-11-13 10:21:49,549 0    [main] INFO  org.hibernate.annotations.common.Version  - HCANN000001: Hibernate Commons Annotations {4.0.5.Final}
2017-11-13 10:21:49,558 9    [main] INFO  org.hibernate.Version  - HHH000412: Hibernate Core {4.3.11.Final}
2017-11-13 10:21:49,563 14   [main] INFO  org.hibernate.cfg.Environment  - HHH000206: hibernate.properties not found
2017-11-13 10:21:49,569 20   [main] INFO  org.hibernate.cfg.Environment  - HHH000021: Bytecode provider name : javassist
2017-11-13 10:21:49,617 68   [main] INFO  org.hibernate.cfg.Configuration  - HHH000043: Configuring from resource: /hibernate.cfg.xml
2017-11-13 10:21:49,617 68   [main] INFO  org.hibernate.cfg.Configuration  - HHH000040: Configuration resource: /hibernate.cfg.xml
2017-11-13 10:21:49,725 176  [main] INFO  org.hibernate.cfg.Configuration  - HHH000041: Configured SessionFactory: null
2017-11-13 10:21:49,954 405  [main] WARN  org.hibernate.engine.jdbc.connections.internal.DriverManagerConnectionProviderImpl  - HHH000402: Using Hibernate built-in connection pool (not for production use!)
2017-11-13 10:21:49,960 411  [main] INFO  org.hibernate.engine.jdbc.connections.internal.DriverManagerConnectionProviderImpl  - HHH000401: using driver [com.mysql.jdbc.Driver] at URL [jdbc:mysql://localhost:3306/snaglog_test]
2017-11-13 10:21:49,961 412  [main] INFO  org.hibernate.engine.jdbc.connections.internal.DriverManagerConnectionProviderImpl  - HHH000046: Connection properties: {user=abriggs3, password=****}
2017-11-13 10:21:49,963 414  [main] INFO  org.hibernate.engine.jdbc.connections.internal.DriverManagerConnectionProviderImpl  - HHH000006: Autocommit mode: false
2017-11-13 10:21:49,964 415  [main] INFO  org.hibernate.engine.jdbc.connections.internal.DriverManagerConnectionProviderImpl  - HHH000115: Hibernate connection pool size: 20 (min=1)
2017-11-13 10:21:50,294 745  [main] INFO  org.hibernate.dialect.Dialect  - HHH000400: Using dialect: org.hibernate.dialect.MySQL5Dialect
2017-11-13 10:21:50,300 751  [main] INFO  org.hibernate.engine.jdbc.internal.LobCreatorBuilder  - HHH000423: Disabling contextual LOB creation as JDBC driver reported JDBC version [3] less than 4
2017-11-13 10:21:50,505 956  [main] INFO  org.hibernate.engine.transaction.internal.TransactionFactoryInitiator  - HHH000399: Using default transaction strategy (direct JDBC transactions)
2017-11-13 10:21:50,510 961  [main] INFO  org.hibernate.hql.internal.ast.ASTQueryTranslatorFactory  - HHH000397: Using ASTQueryTranslatorFactory
2017-11-13 10:21:50,953 1404 [main] INFO  org.hibernate.tool.hbm2ddl.SchemaExport  - HHH000227: Running hbm2ddl schema export
2017-11-13 10:21:50,969 1420 [main] ERROR org.hibernate.tool.hbm2ddl.SchemaExport  - HHH000389: Unsuccessful: alter table Log drop foreign key FK_f132q3b5wga9iq22o7pci4cjv
2017-11-13 10:21:50,969 1420 [main] ERROR org.hibernate.tool.hbm2ddl.SchemaExport  - Can't DROP 'FK_f132q3b5wga9iq22o7pci4cjv'; check that column/key exists
2017-11-13 10:21:50,972 1423 [main] ERROR org.hibernate.tool.hbm2ddl.SchemaExport  - HHH000389: Unsuccessful: alter table Snag drop foreign key FK_pqy8mp70rys8ehcjtdq213kgt
2017-11-13 10:21:50,973 1424 [main] ERROR org.hibernate.tool.hbm2ddl.SchemaExport  - Can't DROP 'FK_pqy8mp70rys8ehcjtdq213kgt'; check that column/key exists
2017-11-13 10:21:50,979 1430 [main] ERROR org.hibernate.tool.hbm2ddl.SchemaExport  - HHH000389: Unsuccessful: alter table User_roles drop foreign key FK_l2p3xdjif1s8jt03iwwthvliw
2017-11-13 10:21:50,980 1431 [main] ERROR org.hibernate.tool.hbm2ddl.SchemaExport  - Can't DROP 'FK_l2p3xdjif1s8jt03iwwthvliw'; check that column/key exists
2017-11-13 10:21:50,987 1438 [main] ERROR org.hibernate.tool.hbm2ddl.SchemaExport  - HHH000389: Unsuccessful: drop table if exists Log
2017-11-13 10:21:50,987 1438 [main] ERROR org.hibernate.tool.hbm2ddl.SchemaExport  - Cannot delete or update a parent row: a foreign key constraint fails
2017-11-13 10:21:51,000 1451 [main] ERROR org.hibernate.tool.hbm2ddl.SchemaExport  - HHH000389: Unsuccessful: drop table if exists Users
2017-11-13 10:21:51,000 1451 [main] ERROR org.hibernate.tool.hbm2ddl.SchemaExport  - Cannot delete or update a parent row: a foreign key constraint fails
2017-11-13 10:21:51,004 1455 [main] ERROR org.hibernate.tool.hbm2ddl.SchemaExport  - HHH000389: Unsuccessful: create table Log (log_id integer not null, county varchar(30), nearest_city varchar(30), put_in_location varchar(256), river_name varchar(255) not null, state varchar(2) not null, takeout_location varchar(256), users_id integer not null, primary key (log_id))
2017-11-13 10:21:51,004 1455 [main] ERROR org.hibernate.tool.hbm2ddl.SchemaExport  - Table 'Log' already exists
2017-11-13 10:21:51,019 1470 [main] ERROR org.hibernate.tool.hbm2ddl.SchemaExport  - HHH000389: Unsuccessful: create table Users (users_id integer not null, first_name varchar(30) not null, last_name varchar(30) not null, user_name varchar(30) not null, user_pass varchar(30) not null, primary key (users_id))
2017-11-13 10:21:51,019 1470 [main] ERROR org.hibernate.tool.hbm2ddl.SchemaExport  - Table 'Users' already exists
2017-11-13 10:21:51,127 1578 [main] INFO  org.hibernate.tool.hbm2ddl.SchemaExport  - HHH000230: Schema export complete
2017-11-13 10:21:51,147 1598 [main] INFO  edu.matc.entity.UserGenericDAO  - STARTED - save
2017-11-13 10:21:51,436 1887 [main] INFO  edu.matc.entity.UserGenericDAO  - FINISHED - save
2017-11-13 10:21:51,437 1888 [main] INFO  edu.matc.entity.UserGenericDAO  - STARTED - query
2017-11-13 10:21:51,561 2012 [main] INFO  edu.matc.entity.UserGenericDAO  - This is the hsql from edu.matc.entity.User
2017-11-13 10:21:51,564 2015 [main] INFO  edu.matc.entity.UserGenericDAO  - FINISHED - query. Result size=5
2017-11-13 10:21:51,565 2016 [main] INFO  edu.matc.entity.UserGenericDAO  - STARTED - get
2017-11-13 10:21:51,580 2031 [main] INFO  edu.matc.entity.UserGenericDAO  - FINISHED - get
2017-11-13 10:21:51,580 2031 [main] INFO  edu.matc.entity.UserGenericDAO  - STARTED - delete
2017-11-13 10:21:51,589 2040 [main] INFO  edu.matc.entity.UserGenericDAO  - FINISHED - delete
2017-11-13 10:21:51,596 2047 [main] INFO  edu.matc.entity.UserGenericDAO  - STARTED - query
2017-11-13 10:21:51,652 2103 [main] INFO  edu.matc.entity.UserGenericDAO  - This is the hsql FROM User where usersId = 1
2017-11-13 10:21:51,653 2104 [main] INFO  edu.matc.entity.UserGenericDAO  - FINISHED - query. Result size=1
2017-11-13 10:21:51,667 2118 [main] INFO  edu.matc.entity.UserGenericDAO  - STARTED - get
2017-11-13 10:21:51,685 2136 [main] INFO  edu.matc.entity.UserGenericDAO  - FINISHED - get
2017-11-13 10:21:51,685 2136 [main] INFO  edu.matc.entity.UserGenericDAO  - STARTED - update
2017-11-13 10:21:51,716 2167 [main] INFO  edu.matc.entity.UserGenericDAO  - FINISHED - update
2017-11-13 10:21:51,717 2168 [main] INFO  edu.matc.entity.UserGenericDAO  - STARTED - get
2017-11-13 10:21:51,722 2173 [main] INFO  edu.matc.entity.UserGenericDAO  - FINISHED - get
2017-11-13 10:21:51,730 2181 [main] INFO  edu.matc.entity.UserGenericDAO  - STARTED - get
2017-11-13 10:21:51,735 2186 [main] INFO  edu.matc.entity.UserGenericDAO  - FINISHED - get
2017-11-13 10:21:51,738 2189 [main] INFO  edu.matc.entity.UserGenericDAO  - STARTED - query
2017-11-13 10:21:51,756 2207 [main] INFO  edu.matc.entity.UserGenericDAO  - This is the hsql from edu.matc.entity.User
2017-11-13 10:21:51,763 2214 [main] INFO  edu.matc.entity.UserGenericDAO  - FINISHED - query. Result size=4
2017-11-13 10:21:51,766 2217 [main] INFO  edu.matc.entity.UserGenericDAO  - STARTED - query
2017-11-13 10:21:51,774 2225 [main] INFO  edu.matc.entity.UserGenericDAO  - This is the hsql from edu.matc.entity.User
2017-11-13 10:21:51,774 2225 [main] INFO  edu.matc.entity.UserGenericDAO  - FINISHED - query. Result size=4
2017-11-13 10:21:51,776 2227 [main] INFO  edu.matc.entity.UserGenericDAO  - STARTED - get
2017-11-13 10:21:51,783 2234 [main] INFO  edu.matc.entity.UserGenericDAO  - FINISHED - get
2017-11-13 10:21:51,783 2234 [main] INFO  edu.matc.entity.UserGenericDAO  - STARTED - delete
2017-11-13 10:21:51,791 2242 [main] INFO  edu.matc.entity.UserGenericDAO  - FINISHED - delete
2017-11-13 10:21:51,791 2242 [main] INFO  edu.matc.entity.UserGenericDAO  - STARTED - query
2017-11-13 10:21:51,793 2244 [main] INFO  edu.matc.entity.UserGenericDAO  - This is the hsql from edu.matc.entity.User
2017-11-13 10:21:51,794 2245 [main] INFO  edu.matc.entity.UserGenericDAO  - FINISHED - query. Result size=3
2017-11-13 10:21:51,795 2246 [main] INFO  edu.matc.entity.UserGenericDAO  - STARTED - save
2017-11-13 10:21:51,803 2254 [main] INFO  edu.matc.entity.UserGenericDAO  - FINISHED - save
2017-11-13 10:21:51,826 2277 [main] INFO  org.hibernate.cfg.Configuration  - HHH000043: Configuring from resource: /hibernate.cfg.xml
2017-11-13 10:21:51,827 2278 [main] INFO  org.hibernate.cfg.Configuration  - HHH000040: Configuration resource: /hibernate.cfg.xml
2017-11-13 10:21:51,843 2294 [main] INFO  org.hibernate.cfg.Configuration  - HHH000041: Configured SessionFactory: null
2017-11-13 10:21:51,850 2301 [main] WARN  org.hibernate.engine.jdbc.connections.internal.DriverManagerConnectionProviderImpl  - HHH000402: Using Hibernate built-in connection pool (not for production use!)
2017-11-13 10:21:51,853 2304 [main] INFO  org.hibernate.engine.jdbc.connections.internal.DriverManagerConnectionProviderImpl  - HHH000401: using driver [com.mysql.jdbc.Driver] at URL [jdbc:mysql://localhost:3306/snaglog_test]
2017-11-13 10:21:51,865 2316 [main] INFO  org.hibernate.engine.jdbc.connections.internal.DriverManagerConnectionProviderImpl  - HHH000046: Connection properties: {user=abriggs3, password=****}
2017-11-13 10:21:51,866 2317 [main] INFO  org.hibernate.engine.jdbc.connections.internal.DriverManagerConnectionProviderImpl  - HHH000006: Autocommit mode: false
2017-11-13 10:21:51,872 2323 [main] INFO  org.hibernate.engine.jdbc.connections.internal.DriverManagerConnectionProviderImpl  - HHH000115: Hibernate connection pool size: 20 (min=1)
2017-11-13 10:21:51,911 2362 [main] INFO  org.hibernate.dialect.Dialect  - HHH000400: Using dialect: org.hibernate.dialect.MySQL5Dialect
2017-11-13 10:21:51,912 2363 [main] INFO  org.hibernate.engine.jdbc.internal.LobCreatorBuilder  - HHH000423: Disabling contextual LOB creation as JDBC driver reported JDBC version [3] less than 4
2017-11-13 10:21:51,974 2425 [main] INFO  org.hibernate.engine.transaction.internal.TransactionFactoryInitiator  - HHH000399: Using default transaction strategy (direct JDBC transactions)
2017-11-13 10:21:51,981 2432 [main] INFO  org.hibernate.hql.internal.ast.ASTQueryTranslatorFactory  - HHH000397: Using ASTQueryTranslatorFactory
2017-11-13 10:21:52,036 2487 [main] INFO  org.hibernate.tool.hbm2ddl.SchemaExport  - HHH000227: Running hbm2ddl schema export
2017-11-13 10:21:52,040 2491 [main] ERROR org.hibernate.tool.hbm2ddl.SchemaExport  - HHH000389: Unsuccessful: alter table Log drop foreign key FK_f132q3b5wga9iq22o7pci4cjv
2017-11-13 10:21:52,040 2491 [main] ERROR org.hibernate.tool.hbm2ddl.SchemaExport  - Can't DROP 'FK_f132q3b5wga9iq22o7pci4cjv'; check that column/key exists
2017-11-13 10:21:52,042 2493 [main] ERROR org.hibernate.tool.hbm2ddl.SchemaExport  - HHH000389: Unsuccessful: alter table Snag drop foreign key FK_pqy8mp70rys8ehcjtdq213kgt
2017-11-13 10:21:52,042 2493 [main] ERROR org.hibernate.tool.hbm2ddl.SchemaExport  - Can't DROP 'FK_pqy8mp70rys8ehcjtdq213kgt'; check that column/key exists
2017-11-13 10:21:52,044 2495 [main] ERROR org.hibernate.tool.hbm2ddl.SchemaExport  - HHH000389: Unsuccessful: alter table User_roles drop foreign key FK_l2p3xdjif1s8jt03iwwthvliw
2017-11-13 10:21:52,044 2495 [main] ERROR org.hibernate.tool.hbm2ddl.SchemaExport  - Can't DROP 'FK_l2p3xdjif1s8jt03iwwthvliw'; check that column/key exists
2017-11-13 10:21:52,049 2500 [main] ERROR org.hibernate.tool.hbm2ddl.SchemaExport  - HHH000389: Unsuccessful: drop table if exists Log
2017-11-13 10:21:52,049 2500 [main] ERROR org.hibernate.tool.hbm2ddl.SchemaExport  - Cannot delete or update a parent row: a foreign key constraint fails
2017-11-13 10:21:52,064 2515 [main] ERROR org.hibernate.tool.hbm2ddl.SchemaExport  - HHH000389: Unsuccessful: drop table if exists Users
2017-11-13 10:21:52,064 2515 [main] ERROR org.hibernate.tool.hbm2ddl.SchemaExport  - Cannot delete or update a parent row: a foreign key constraint fails
2017-11-13 10:21:52,065 2516 [main] ERROR org.hibernate.tool.hbm2ddl.SchemaExport  - HHH000389: Unsuccessful: create table Log (log_id integer not null, county varchar(30), nearest_city varchar(30), put_in_location varchar(256), river_name varchar(255) not null, state varchar(2) not null, takeout_location varchar(256), users_id integer not null, primary key (log_id))
2017-11-13 10:21:52,066 2517 [main] ERROR org.hibernate.tool.hbm2ddl.SchemaExport  - Table 'Log' already exists
2017-11-13 10:21:52,078 2529 [main] ERROR org.hibernate.tool.hbm2ddl.SchemaExport  - HHH000389: Unsuccessful: create table Users (users_id integer not null, first_name varchar(30) not null, last_name varchar(30) not null, user_name varchar(30) not null, user_pass varchar(30) not null, primary key (users_id))
2017-11-13 10:21:52,079 2530 [main] ERROR org.hibernate.tool.hbm2ddl.SchemaExport  - Table 'Users' already exists
2017-11-13 10:21:52,223 2674 [main] INFO  org.hibernate.tool.hbm2ddl.SchemaExport  - HHH000230: Schema export complete
2017-11-13 10:23:03,643 0    [http-nio-8080-exec-3] INFO  org.hibernate.annotations.common.Version  - HCANN000001: Hibernate Commons Annotations {4.0.5.Final}
2017-11-13 10:23:03,657 14   [http-nio-8080-exec-3] INFO  org.hibernate.Version  - HHH000412: Hibernate Core {4.3.11.Final}
2017-11-13 10:23:03,659 16   [http-nio-8080-exec-3] INFO  org.hibernate.cfg.Environment  - HHH000206: hibernate.properties not found
2017-11-13 10:23:03,668 25   [http-nio-8080-exec-3] INFO  org.hibernate.cfg.Environment  - HHH000021: Bytecode provider name : javassist
2017-11-13 10:23:03,714 71   [http-nio-8080-exec-3] INFO  org.hibernate.cfg.Configuration  - HHH000043: Configuring from resource: /hibernate.cfg.xml
2017-11-13 10:23:03,714 71   [http-nio-8080-exec-3] INFO  org.hibernate.cfg.Configuration  - HHH000040: Configuration resource: /hibernate.cfg.xml
2017-11-13 10:23:03,772 129  [http-nio-8080-exec-3] INFO  org.hibernate.cfg.Configuration  - HHH000041: Configured SessionFactory: null
2017-11-13 10:23:03,902 259  [http-nio-8080-exec-3] WARN  org.hibernate.engine.jdbc.connections.internal.DriverManagerConnectionProviderImpl  - HHH000402: Using Hibernate built-in connection pool (not for production use!)
2017-11-13 10:23:03,904 261  [http-nio-8080-exec-3] INFO  org.hibernate.engine.jdbc.connections.internal.DriverManagerConnectionProviderImpl  - HHH000401: using driver [com.mysql.jdbc.Driver] at URL [jdbc:mysql://localhost:3306/snaglog]
2017-11-13 10:23:03,905 262  [http-nio-8080-exec-3] INFO  org.hibernate.engine.jdbc.connections.internal.DriverManagerConnectionProviderImpl  - HHH000046: Connection properties: {user=abriggs3, password=****}
2017-11-13 10:23:03,905 262  [http-nio-8080-exec-3] INFO  org.hibernate.engine.jdbc.connections.internal.DriverManagerConnectionProviderImpl  - HHH000006: Autocommit mode: false
2017-11-13 10:23:03,906 263  [http-nio-8080-exec-3] INFO  org.hibernate.engine.jdbc.connections.internal.DriverManagerConnectionProviderImpl  - HHH000115: Hibernate connection pool size: 20 (min=1)
2017-11-13 10:23:04,439 796  [http-nio-8080-exec-3] INFO  org.hibernate.dialect.Dialect  - HHH000400: Using dialect: org.hibernate.dialect.MySQL5Dialect
2017-11-13 10:23:04,464 821  [http-nio-8080-exec-3] INFO  org.hibernate.engine.jdbc.internal.LobCreatorBuilder  - HHH000423: Disabling contextual LOB creation as JDBC driver reported JDBC version [3] less than 4
2017-11-13 10:23:04,693 1050 [http-nio-8080-exec-3] INFO  org.hibernate.engine.transaction.internal.TransactionFactoryInitiator  - HHH000399: Using default transaction strategy (direct JDBC transactions)
2017-11-13 10:23:04,698 1055 [http-nio-8080-exec-3] INFO  org.hibernate.hql.internal.ast.ASTQueryTranslatorFactory  - HHH000397: Using ASTQueryTranslatorFactory
2017-11-13 11:19:41,344 0    [main] INFO  org.hibernate.annotations.common.Version  - HCANN000001: Hibernate Commons Annotations {4.0.5.Final}
2017-11-13 11:19:41,366 22   [main] INFO  org.hibernate.Version  - HHH000412: Hibernate Core {4.3.11.Final}
2017-11-13 11:19:41,369 25   [main] INFO  org.hibernate.cfg.Environment  - HHH000206: hibernate.properties not found
2017-11-13 11:19:41,374 30   [main] INFO  org.hibernate.cfg.Environment  - HHH000021: Bytecode provider name : javassist
2017-11-13 11:19:41,429 85   [main] INFO  org.hibernate.cfg.Configuration  - HHH000043: Configuring from resource: /hibernate.cfg.xml
2017-11-13 11:19:41,430 86   [main] INFO  org.hibernate.cfg.Configuration  - HHH000040: Configuration resource: /hibernate.cfg.xml
2017-11-13 11:19:41,674 330  [main] INFO  org.hibernate.cfg.Configuration  - HHH000041: Configured SessionFactory: null
2017-11-13 11:19:41,847 503  [main] WARN  org.hibernate.engine.jdbc.connections.internal.DriverManagerConnectionProviderImpl  - HHH000402: Using Hibernate built-in connection pool (not for production use!)
2017-11-13 11:19:41,854 510  [main] INFO  org.hibernate.engine.jdbc.connections.internal.DriverManagerConnectionProviderImpl  - HHH000401: using driver [com.mysql.jdbc.Driver] at URL [jdbc:mysql://localhost:3306/snaglog_test]
2017-11-13 11:19:41,856 512  [main] INFO  org.hibernate.engine.jdbc.connections.internal.DriverManagerConnectionProviderImpl  - HHH000046: Connection properties: {user=abriggs3, password=****}
2017-11-13 11:19:41,857 513  [main] INFO  org.hibernate.engine.jdbc.connections.internal.DriverManagerConnectionProviderImpl  - HHH000006: Autocommit mode: false
2017-11-13 11:19:41,857 513  [main] INFO  org.hibernate.engine.jdbc.connections.internal.DriverManagerConnectionProviderImpl  - HHH000115: Hibernate connection pool size: 20 (min=1)
2017-11-13 11:19:42,313 969  [main] INFO  org.hibernate.dialect.Dialect  - HHH000400: Using dialect: org.hibernate.dialect.MySQL5Dialect
2017-11-13 11:19:42,325 981  [main] INFO  org.hibernate.engine.jdbc.internal.LobCreatorBuilder  - HHH000423: Disabling contextual LOB creation as JDBC driver reported JDBC version [3] less than 4
2017-11-13 11:19:42,625 1281 [main] INFO  org.hibernate.engine.transaction.internal.TransactionFactoryInitiator  - HHH000399: Using default transaction strategy (direct JDBC transactions)
2017-11-13 11:19:42,629 1285 [main] INFO  org.hibernate.hql.internal.ast.ASTQueryTranslatorFactory  - HHH000397: Using ASTQueryTranslatorFactory
2017-11-13 11:19:43,235 1891 [main] INFO  org.hibernate.tool.hbm2ddl.SchemaExport  - HHH000227: Running hbm2ddl schema export
2017-11-13 11:19:43,264 1920 [main] ERROR org.hibernate.tool.hbm2ddl.SchemaExport  - HHH000389: Unsuccessful: alter table Log drop foreign key FK_f132q3b5wga9iq22o7pci4cjv
2017-11-13 11:19:43,264 1920 [main] ERROR org.hibernate.tool.hbm2ddl.SchemaExport  - Can't DROP 'FK_f132q3b5wga9iq22o7pci4cjv'; check that column/key exists
2017-11-13 11:19:43,267 1923 [main] ERROR org.hibernate.tool.hbm2ddl.SchemaExport  - HHH000389: Unsuccessful: alter table Snag drop foreign key FK_pqy8mp70rys8ehcjtdq213kgt
2017-11-13 11:19:43,268 1924 [main] ERROR org.hibernate.tool.hbm2ddl.SchemaExport  - Can't DROP 'FK_pqy8mp70rys8ehcjtdq213kgt'; check that column/key exists
2017-11-13 11:19:43,271 1927 [main] ERROR org.hibernate.tool.hbm2ddl.SchemaExport  - HHH000389: Unsuccessful: alter table User_roles drop foreign key FK_l2p3xdjif1s8jt03iwwthvliw
2017-11-13 11:19:43,271 1927 [main] ERROR org.hibernate.tool.hbm2ddl.SchemaExport  - Can't DROP 'FK_l2p3xdjif1s8jt03iwwthvliw'; check that column/key exists
2017-11-13 11:19:43,289 1945 [main] ERROR org.hibernate.tool.hbm2ddl.SchemaExport  - HHH000389: Unsuccessful: drop table if exists Log
2017-11-13 11:19:43,289 1945 [main] ERROR org.hibernate.tool.hbm2ddl.SchemaExport  - Cannot delete or update a parent row: a foreign key constraint fails
2017-11-13 11:19:43,313 1969 [main] ERROR org.hibernate.tool.hbm2ddl.SchemaExport  - HHH000389: Unsuccessful: drop table if exists Users
2017-11-13 11:19:43,314 1970 [main] ERROR org.hibernate.tool.hbm2ddl.SchemaExport  - Cannot delete or update a parent row: a foreign key constraint fails
2017-11-13 11:19:43,318 1974 [main] ERROR org.hibernate.tool.hbm2ddl.SchemaExport  - HHH000389: Unsuccessful: create table Log (log_id integer not null, county varchar(30), nearest_city varchar(30), put_in_location varchar(256), river_name varchar(255) not null, state varchar(2) not null, takeout_location varchar(256), users_id integer not null, primary key (log_id))
2017-11-13 11:19:43,318 1974 [main] ERROR org.hibernate.tool.hbm2ddl.SchemaExport  - Table 'Log' already exists
2017-11-13 11:19:43,328 1984 [main] ERROR org.hibernate.tool.hbm2ddl.SchemaExport  - HHH000389: Unsuccessful: create table Users (users_id integer not null, first_name varchar(30) not null, last_name varchar(30) not null, user_name varchar(30) not null, user_pass varchar(30) not null, primary key (users_id))
2017-11-13 11:19:43,329 1985 [main] ERROR org.hibernate.tool.hbm2ddl.SchemaExport  - Table 'Users' already exists
2017-11-13 11:19:43,458 2114 [main] INFO  org.hibernate.tool.hbm2ddl.SchemaExport  - HHH000230: Schema export complete
2017-11-13 11:19:43,534 2190 [main] INFO  edu.matc.entity.UserGenericDAO  - STARTED - save
2017-11-13 11:19:43,814 2470 [main] INFO  edu.matc.entity.UserGenericDAO  - FINISHED - save
2017-11-13 11:19:43,815 2471 [main] INFO  edu.matc.entity.UserGenericDAO  - STARTED - query
2017-11-13 11:19:44,019 2675 [main] INFO  edu.matc.entity.UserGenericDAO  - This is the hsql from edu.matc.entity.User
2017-11-13 11:19:44,019 2675 [main] INFO  edu.matc.entity.UserGenericDAO  - FINISHED - query. Result size=5
2017-11-13 11:19:44,031 2687 [main] INFO  edu.matc.entity.UserGenericDAO  - STARTED - get
2017-11-13 11:19:44,057 2713 [main] INFO  edu.matc.entity.UserGenericDAO  - FINISHED - get
2017-11-13 11:19:44,057 2713 [main] INFO  edu.matc.entity.UserGenericDAO  - STARTED - delete
2017-11-13 11:19:44,075 2731 [main] INFO  edu.matc.entity.UserGenericDAO  - FINISHED - delete
2017-11-13 11:19:44,076 2732 [main] INFO  edu.matc.entity.UserGenericDAO  - STARTED - query
2017-11-13 11:19:44,100 2756 [main] INFO  edu.matc.entity.UserGenericDAO  - This is the hsql FROM User where usersId = 1
2017-11-13 11:19:44,101 2757 [main] INFO  edu.matc.entity.UserGenericDAO  - FINISHED - query. Result size=1
2017-11-13 11:19:44,106 2762 [main] INFO  edu.matc.entity.UserGenericDAO  - STARTED - get
2017-11-13 11:19:44,111 2767 [main] INFO  edu.matc.entity.UserGenericDAO  - FINISHED - get
2017-11-13 11:19:44,111 2767 [main] INFO  edu.matc.entity.UserGenericDAO  - STARTED - update
2017-11-13 11:19:44,125 2781 [main] INFO  edu.matc.entity.UserGenericDAO  - FINISHED - update
2017-11-13 11:19:44,125 2781 [main] INFO  edu.matc.entity.UserGenericDAO  - STARTED - get
2017-11-13 11:19:44,128 2784 [main] INFO  edu.matc.entity.UserGenericDAO  - FINISHED - get
2017-11-13 11:19:44,136 2792 [main] INFO  edu.matc.entity.UserGenericDAO  - STARTED - get
2017-11-13 11:19:44,151 2807 [main] INFO  edu.matc.entity.UserGenericDAO  - FINISHED - get
2017-11-13 11:19:44,157 2813 [main] INFO  edu.matc.entity.UserGenericDAO  - STARTED - query
2017-11-13 11:19:44,168 2824 [main] INFO  edu.matc.entity.UserGenericDAO  - This is the hsql from edu.matc.entity.User
2017-11-13 11:19:44,173 2829 [main] INFO  edu.matc.entity.UserGenericDAO  - FINISHED - query. Result size=4
2017-11-13 11:19:44,177 2833 [main] INFO  edu.matc.entity.UserGenericDAO  - STARTED - query
2017-11-13 11:19:44,187 2843 [main] INFO  edu.matc.entity.UserGenericDAO  - This is the hsql from edu.matc.entity.User
2017-11-13 11:19:44,187 2843 [main] INFO  edu.matc.entity.UserGenericDAO  - FINISHED - query. Result size=4
2017-11-13 11:19:44,192 2848 [main] INFO  edu.matc.entity.UserGenericDAO  - STARTED - get
2017-11-13 11:19:44,201 2857 [main] INFO  edu.matc.entity.UserGenericDAO  - FINISHED - get
2017-11-13 11:19:44,201 2857 [main] INFO  edu.matc.entity.UserGenericDAO  - STARTED - delete
2017-11-13 11:19:44,206 2862 [main] INFO  edu.matc.entity.UserGenericDAO  - FINISHED - delete
2017-11-13 11:19:44,206 2862 [main] INFO  edu.matc.entity.UserGenericDAO  - STARTED - query
2017-11-13 11:19:44,212 2868 [main] INFO  edu.matc.entity.UserGenericDAO  - This is the hsql from edu.matc.entity.User
2017-11-13 11:19:44,212 2868 [main] INFO  edu.matc.entity.UserGenericDAO  - FINISHED - query. Result size=3
2017-11-13 11:19:44,228 2884 [main] INFO  edu.matc.entity.UserGenericDAO  - STARTED - save
2017-11-13 11:19:44,241 2897 [main] INFO  edu.matc.entity.UserGenericDAO  - FINISHED - save
2017-11-13 11:19:44,279 2935 [main] INFO  org.hibernate.cfg.Configuration  - HHH000043: Configuring from resource: /hibernate.cfg.xml
2017-11-13 11:19:44,284 2940 [main] INFO  org.hibernate.cfg.Configuration  - HHH000040: Configuration resource: /hibernate.cfg.xml
2017-11-13 11:19:44,329 2985 [main] INFO  org.hibernate.cfg.Configuration  - HHH000041: Configured SessionFactory: null
2017-11-13 11:19:44,335 2991 [main] WARN  org.hibernate.engine.jdbc.connections.internal.DriverManagerConnectionProviderImpl  - HHH000402: Using Hibernate built-in connection pool (not for production use!)
2017-11-13 11:19:44,339 2995 [main] INFO  org.hibernate.engine.jdbc.connections.internal.DriverManagerConnectionProviderImpl  - HHH000401: using driver [com.mysql.jdbc.Driver] at URL [jdbc:mysql://localhost:3306/snaglog_test]
2017-11-13 11:19:44,352 3008 [main] INFO  org.hibernate.engine.jdbc.connections.internal.DriverManagerConnectionProviderImpl  - HHH000046: Connection properties: {user=abriggs3, password=****}
2017-11-13 11:19:44,357 3013 [main] INFO  org.hibernate.engine.jdbc.connections.internal.DriverManagerConnectionProviderImpl  - HHH000006: Autocommit mode: false
2017-11-13 11:19:44,358 3014 [main] INFO  org.hibernate.engine.jdbc.connections.internal.DriverManagerConnectionProviderImpl  - HHH000115: Hibernate connection pool size: 20 (min=1)
2017-11-13 11:19:44,385 3041 [main] INFO  org.hibernate.dialect.Dialect  - HHH000400: Using dialect: org.hibernate.dialect.MySQL5Dialect
2017-11-13 11:19:44,385 3041 [main] INFO  org.hibernate.engine.jdbc.internal.LobCreatorBuilder  - HHH000423: Disabling contextual LOB creation as JDBC driver reported JDBC version [3] less than 4
2017-11-13 11:19:44,412 3068 [main] INFO  org.hibernate.engine.transaction.internal.TransactionFactoryInitiator  - HHH000399: Using default transaction strategy (direct JDBC transactions)
2017-11-13 11:19:44,413 3069 [main] INFO  org.hibernate.hql.internal.ast.ASTQueryTranslatorFactory  - HHH000397: Using ASTQueryTranslatorFactory
2017-11-13 11:19:44,541 3197 [main] INFO  org.hibernate.tool.hbm2ddl.SchemaExport  - HHH000227: Running hbm2ddl schema export
2017-11-13 11:19:44,560 3216 [main] ERROR org.hibernate.tool.hbm2ddl.SchemaExport  - HHH000389: Unsuccessful: alter table Log drop foreign key FK_f132q3b5wga9iq22o7pci4cjv
2017-11-13 11:19:44,560 3216 [main] ERROR org.hibernate.tool.hbm2ddl.SchemaExport  - Can't DROP 'FK_f132q3b5wga9iq22o7pci4cjv'; check that column/key exists
2017-11-13 11:19:44,566 3222 [main] ERROR org.hibernate.tool.hbm2ddl.SchemaExport  - HHH000389: Unsuccessful: alter table Snag drop foreign key FK_pqy8mp70rys8ehcjtdq213kgt
2017-11-13 11:19:44,568 3224 [main] ERROR org.hibernate.tool.hbm2ddl.SchemaExport  - Can't DROP 'FK_pqy8mp70rys8ehcjtdq213kgt'; check that column/key exists
2017-11-13 11:19:44,570 3226 [main] ERROR org.hibernate.tool.hbm2ddl.SchemaExport  - HHH000389: Unsuccessful: alter table User_roles drop foreign key FK_l2p3xdjif1s8jt03iwwthvliw
2017-11-13 11:19:44,570 3226 [main] ERROR org.hibernate.tool.hbm2ddl.SchemaExport  - Can't DROP 'FK_l2p3xdjif1s8jt03iwwthvliw'; check that column/key exists
2017-11-13 11:19:44,576 3232 [main] ERROR org.hibernate.tool.hbm2ddl.SchemaExport  - HHH000389: Unsuccessful: drop table if exists Log
2017-11-13 11:19:44,576 3232 [main] ERROR org.hibernate.tool.hbm2ddl.SchemaExport  - Cannot delete or update a parent row: a foreign key constraint fails
2017-11-13 11:19:44,596 3252 [main] ERROR org.hibernate.tool.hbm2ddl.SchemaExport  - HHH000389: Unsuccessful: drop table if exists Users
2017-11-13 11:19:44,596 3252 [main] ERROR org.hibernate.tool.hbm2ddl.SchemaExport  - Cannot delete or update a parent row: a foreign key constraint fails
2017-11-13 11:19:44,598 3254 [main] ERROR org.hibernate.tool.hbm2ddl.SchemaExport  - HHH000389: Unsuccessful: create table Log (log_id integer not null, county varchar(30), nearest_city varchar(30), put_in_location varchar(256), river_name varchar(255) not null, state varchar(2) not null, takeout_location varchar(256), users_id integer not null, primary key (log_id))
2017-11-13 11:19:44,600 3256 [main] ERROR org.hibernate.tool.hbm2ddl.SchemaExport  - Table 'Log' already exists
2017-11-13 11:19:44,614 3270 [main] ERROR org.hibernate.tool.hbm2ddl.SchemaExport  - HHH000389: Unsuccessful: create table Users (users_id integer not null, first_name varchar(30) not null, last_name varchar(30) not null, user_name varchar(30) not null, user_pass varchar(30) not null, primary key (users_id))
2017-11-13 11:19:44,614 3270 [main] ERROR org.hibernate.tool.hbm2ddl.SchemaExport  - Table 'Users' already exists
2017-11-13 11:19:44,731 3387 [main] INFO  org.hibernate.tool.hbm2ddl.SchemaExport  - HHH000230: Schema export complete
2017-11-13 11:20:57,867 0    [http-nio-8080-exec-4] INFO  org.hibernate.annotations.common.Version  - HCANN000001: Hibernate Commons Annotations {4.0.5.Final}
2017-11-13 11:20:57,881 14   [http-nio-8080-exec-4] INFO  org.hibernate.Version  - HHH000412: Hibernate Core {4.3.11.Final}
2017-11-13 11:20:57,883 16   [http-nio-8080-exec-4] INFO  org.hibernate.cfg.Environment  - HHH000206: hibernate.properties not found
2017-11-13 11:20:57,885 18   [http-nio-8080-exec-4] INFO  org.hibernate.cfg.Environment  - HHH000021: Bytecode provider name : javassist
2017-11-13 11:20:57,932 65   [http-nio-8080-exec-4] INFO  org.hibernate.cfg.Configuration  - HHH000043: Configuring from resource: /hibernate.cfg.xml
2017-11-13 11:20:57,932 65   [http-nio-8080-exec-4] INFO  org.hibernate.cfg.Configuration  - HHH000040: Configuration resource: /hibernate.cfg.xml
2017-11-13 11:20:58,024 157  [http-nio-8080-exec-4] INFO  org.hibernate.cfg.Configuration  - HHH000041: Configured SessionFactory: null
2017-11-13 11:20:58,290 423  [http-nio-8080-exec-4] WARN  org.hibernate.engine.jdbc.connections.internal.DriverManagerConnectionProviderImpl  - HHH000402: Using Hibernate built-in connection pool (not for production use!)
2017-11-13 11:20:58,298 431  [http-nio-8080-exec-4] INFO  org.hibernate.engine.jdbc.connections.internal.DriverManagerConnectionProviderImpl  - HHH000401: using driver [com.mysql.jdbc.Driver] at URL [jdbc:mysql://localhost:3306/snaglog]
2017-11-13 11:20:58,300 433  [http-nio-8080-exec-4] INFO  org.hibernate.engine.jdbc.connections.internal.DriverManagerConnectionProviderImpl  - HHH000046: Connection properties: {user=abriggs3, password=****}
2017-11-13 11:20:58,301 434  [http-nio-8080-exec-4] INFO  org.hibernate.engine.jdbc.connections.internal.DriverManagerConnectionProviderImpl  - HHH000006: Autocommit mode: false
2017-11-13 11:20:58,305 438  [http-nio-8080-exec-4] INFO  org.hibernate.engine.jdbc.connections.internal.DriverManagerConnectionProviderImpl  - HHH000115: Hibernate connection pool size: 20 (min=1)
2017-11-13 11:20:59,169 1302 [http-nio-8080-exec-4] INFO  org.hibernate.dialect.Dialect  - HHH000400: Using dialect: org.hibernate.dialect.MySQL5Dialect
2017-11-13 11:20:59,191 1324 [http-nio-8080-exec-4] INFO  org.hibernate.engine.jdbc.internal.LobCreatorBuilder  - HHH000423: Disabling contextual LOB creation as JDBC driver reported JDBC version [3] less than 4
2017-11-13 11:20:59,925 2058 [http-nio-8080-exec-4] INFO  org.hibernate.engine.transaction.internal.TransactionFactoryInitiator  - HHH000399: Using default transaction strategy (direct JDBC transactions)
2017-11-13 11:20:59,965 2098 [http-nio-8080-exec-4] INFO  org.hibernate.hql.internal.ast.ASTQueryTranslatorFactory  - HHH000397: Using ASTQueryTranslatorFactory
2017-11-13 11:21:01,619 3752 [http-nio-8080-exec-4] INFO  edu.matc.entity.UserGenericDAO  - STARTED - query
2017-11-13 11:21:02,263 4396 [http-nio-8080-exec-4] WARN  org.hibernate.engine.jdbc.spi.SqlExceptionHelper  - SQL Error: 1054, SQLState: 42S22
2017-11-13 11:21:02,264 4397 [http-nio-8080-exec-4] ERROR org.hibernate.engine.jdbc.spi.SqlExceptionHelper  - Unknown column 'admin' in 'where clause'
2017-11-13 11:23:22,878 0    [main] INFO  org.hibernate.annotations.common.Version  - HCANN000001: Hibernate Commons Annotations {4.0.5.Final}
2017-11-13 11:23:22,899 21   [main] INFO  org.hibernate.Version  - HHH000412: Hibernate Core {4.3.11.Final}
2017-11-13 11:23:22,902 24   [main] INFO  org.hibernate.cfg.Environment  - HHH000206: hibernate.properties not found
2017-11-13 11:23:22,906 28   [main] INFO  org.hibernate.cfg.Environment  - HHH000021: Bytecode provider name : javassist
2017-11-13 11:23:22,968 90   [main] INFO  org.hibernate.cfg.Configuration  - HHH000043: Configuring from resource: /hibernate.cfg.xml
2017-11-13 11:23:22,969 91   [main] INFO  org.hibernate.cfg.Configuration  - HHH000040: Configuration resource: /hibernate.cfg.xml
2017-11-13 11:23:23,298 420  [main] INFO  org.hibernate.cfg.Configuration  - HHH000041: Configured SessionFactory: null
2017-11-13 11:23:23,631 753  [main] WARN  org.hibernate.engine.jdbc.connections.internal.DriverManagerConnectionProviderImpl  - HHH000402: Using Hibernate built-in connection pool (not for production use!)
2017-11-13 11:23:23,659 781  [main] INFO  org.hibernate.engine.jdbc.connections.internal.DriverManagerConnectionProviderImpl  - HHH000401: using driver [com.mysql.jdbc.Driver] at URL [jdbc:mysql://localhost:3306/snaglog_test]
2017-11-13 11:23:23,668 790  [main] INFO  org.hibernate.engine.jdbc.connections.internal.DriverManagerConnectionProviderImpl  - HHH000046: Connection properties: {user=abriggs3, password=****}
2017-11-13 11:23:23,672 794  [main] INFO  org.hibernate.engine.jdbc.connections.internal.DriverManagerConnectionProviderImpl  - HHH000006: Autocommit mode: false
2017-11-13 11:23:23,679 801  [main] INFO  org.hibernate.engine.jdbc.connections.internal.DriverManagerConnectionProviderImpl  - HHH000115: Hibernate connection pool size: 20 (min=1)
2017-11-13 11:23:24,557 1679 [main] INFO  org.hibernate.dialect.Dialect  - HHH000400: Using dialect: org.hibernate.dialect.MySQL5Dialect
2017-11-13 11:23:24,574 1696 [main] INFO  org.hibernate.engine.jdbc.internal.LobCreatorBuilder  - HHH000423: Disabling contextual LOB creation as JDBC driver reported JDBC version [3] less than 4
2017-11-13 11:23:24,915 2037 [main] INFO  org.hibernate.engine.transaction.internal.TransactionFactoryInitiator  - HHH000399: Using default transaction strategy (direct JDBC transactions)
2017-11-13 11:23:24,930 2052 [main] INFO  org.hibernate.hql.internal.ast.ASTQueryTranslatorFactory  - HHH000397: Using ASTQueryTranslatorFactory
2017-11-13 11:23:25,873 2995 [main] INFO  org.hibernate.tool.hbm2ddl.SchemaExport  - HHH000227: Running hbm2ddl schema export
2017-11-13 11:23:25,891 3013 [main] ERROR org.hibernate.tool.hbm2ddl.SchemaExport  - HHH000389: Unsuccessful: alter table Log drop foreign key FK_f132q3b5wga9iq22o7pci4cjv
2017-11-13 11:23:25,892 3014 [main] ERROR org.hibernate.tool.hbm2ddl.SchemaExport  - Can't DROP 'FK_f132q3b5wga9iq22o7pci4cjv'; check that column/key exists
2017-11-13 11:23:25,896 3018 [main] ERROR org.hibernate.tool.hbm2ddl.SchemaExport  - HHH000389: Unsuccessful: alter table Snag drop foreign key FK_pqy8mp70rys8ehcjtdq213kgt
2017-11-13 11:23:25,897 3019 [main] ERROR org.hibernate.tool.hbm2ddl.SchemaExport  - Can't DROP 'FK_pqy8mp70rys8ehcjtdq213kgt'; check that column/key exists
2017-11-13 11:23:25,901 3023 [main] ERROR org.hibernate.tool.hbm2ddl.SchemaExport  - HHH000389: Unsuccessful: alter table User_roles drop foreign key FK_l2p3xdjif1s8jt03iwwthvliw
2017-11-13 11:23:25,902 3024 [main] ERROR org.hibernate.tool.hbm2ddl.SchemaExport  - Can't DROP 'FK_l2p3xdjif1s8jt03iwwthvliw'; check that column/key exists
2017-11-13 11:23:25,907 3029 [main] ERROR org.hibernate.tool.hbm2ddl.SchemaExport  - HHH000389: Unsuccessful: drop table if exists Log
2017-11-13 11:23:25,907 3029 [main] ERROR org.hibernate.tool.hbm2ddl.SchemaExport  - Cannot delete or update a parent row: a foreign key constraint fails
2017-11-13 11:23:25,930 3052 [main] ERROR org.hibernate.tool.hbm2ddl.SchemaExport  - HHH000389: Unsuccessful: drop table if exists Users
2017-11-13 11:23:25,931 3053 [main] ERROR org.hibernate.tool.hbm2ddl.SchemaExport  - Cannot delete or update a parent row: a foreign key constraint fails
2017-11-13 11:23:25,942 3064 [main] ERROR org.hibernate.tool.hbm2ddl.SchemaExport  - HHH000389: Unsuccessful: create table Log (log_id integer not null, county varchar(30), nearest_city varchar(30), put_in_location varchar(256), river_name varchar(255) not null, state varchar(2) not null, takeout_location varchar(256), users_id integer not null, primary key (log_id))
2017-11-13 11:23:25,942 3064 [main] ERROR org.hibernate.tool.hbm2ddl.SchemaExport  - Table 'Log' already exists
2017-11-13 11:23:25,960 3082 [main] ERROR org.hibernate.tool.hbm2ddl.SchemaExport  - HHH000389: Unsuccessful: create table Users (users_id integer not null, first_name varchar(30) not null, last_name varchar(30) not null, user_name varchar(30) not null, user_pass varchar(30) not null, primary key (users_id))
2017-11-13 11:23:25,960 3082 [main] ERROR org.hibernate.tool.hbm2ddl.SchemaExport  - Table 'Users' already exists
2017-11-13 11:23:26,097 3219 [main] INFO  org.hibernate.tool.hbm2ddl.SchemaExport  - HHH000230: Schema export complete
2017-11-13 11:23:26,157 3279 [main] INFO  edu.matc.entity.UserGenericDAO  - STARTED - save
2017-11-13 11:23:26,492 3614 [main] INFO  edu.matc.entity.UserGenericDAO  - FINISHED - save
2017-11-13 11:23:26,492 3614 [main] INFO  edu.matc.entity.UserGenericDAO  - STARTED - query
2017-11-13 11:23:26,758 3880 [main] INFO  edu.matc.entity.UserGenericDAO  - This is the hsql from edu.matc.entity.User
2017-11-13 11:23:26,759 3881 [main] INFO  edu.matc.entity.UserGenericDAO  - FINISHED - query. Result size=5
2017-11-13 11:23:26,762 3884 [main] INFO  edu.matc.entity.UserGenericDAO  - STARTED - get
2017-11-13 11:23:26,775 3897 [main] INFO  edu.matc.entity.UserGenericDAO  - FINISHED - get
2017-11-13 11:23:26,776 3898 [main] INFO  edu.matc.entity.UserGenericDAO  - STARTED - delete
2017-11-13 11:23:26,794 3916 [main] INFO  edu.matc.entity.UserGenericDAO  - FINISHED - delete
2017-11-13 11:23:26,806 3928 [main] INFO  edu.matc.entity.UserGenericDAO  - STARTED - query
2017-11-13 11:23:26,825 3947 [main] INFO  edu.matc.entity.UserGenericDAO  - This is the hsql FROM User where usersId = 1
2017-11-13 11:23:26,830 3952 [main] INFO  edu.matc.entity.UserGenericDAO  - FINISHED - query. Result size=1
2017-11-13 11:23:26,844 3966 [main] INFO  edu.matc.entity.UserGenericDAO  - STARTED - get
2017-11-13 11:23:26,856 3978 [main] INFO  edu.matc.entity.UserGenericDAO  - FINISHED - get
2017-11-13 11:23:26,856 3978 [main] INFO  edu.matc.entity.UserGenericDAO  - STARTED - update
2017-11-13 11:23:26,866 3988 [main] INFO  edu.matc.entity.UserGenericDAO  - FINISHED - update
2017-11-13 11:23:26,867 3989 [main] INFO  edu.matc.entity.UserGenericDAO  - STARTED - get
2017-11-13 11:23:26,869 3991 [main] INFO  edu.matc.entity.UserGenericDAO  - FINISHED - get
2017-11-13 11:23:26,888 4010 [main] INFO  edu.matc.entity.UserGenericDAO  - STARTED - get
2017-11-13 11:23:26,896 4018 [main] INFO  edu.matc.entity.UserGenericDAO  - FINISHED - get
2017-11-13 11:23:26,900 4022 [main] INFO  edu.matc.entity.UserGenericDAO  - STARTED - query
2017-11-13 11:23:26,916 4038 [main] INFO  edu.matc.entity.UserGenericDAO  - This is the hsql from edu.matc.entity.User
2017-11-13 11:23:26,922 4044 [main] INFO  edu.matc.entity.UserGenericDAO  - FINISHED - query. Result size=4
2017-11-13 11:23:26,930 4052 [main] INFO  edu.matc.entity.UserGenericDAO  - STARTED - query
2017-11-13 11:23:26,962 4084 [main] INFO  edu.matc.entity.UserGenericDAO  - This is the hsql from edu.matc.entity.User
2017-11-13 11:23:26,964 4086 [main] INFO  edu.matc.entity.UserGenericDAO  - FINISHED - query. Result size=4
2017-11-13 11:23:26,973 4095 [main] INFO  edu.matc.entity.UserGenericDAO  - STARTED - get
2017-11-13 11:23:26,990 4112 [main] INFO  edu.matc.entity.UserGenericDAO  - FINISHED - get
2017-11-13 11:23:26,997 4119 [main] INFO  edu.matc.entity.UserGenericDAO  - STARTED - delete
2017-11-13 11:23:27,006 4128 [main] INFO  edu.matc.entity.UserGenericDAO  - FINISHED - delete
2017-11-13 11:23:27,006 4128 [main] INFO  edu.matc.entity.UserGenericDAO  - STARTED - query
2017-11-13 11:23:27,014 4136 [main] INFO  edu.matc.entity.UserGenericDAO  - This is the hsql from edu.matc.entity.User
2017-11-13 11:23:27,016 4138 [main] INFO  edu.matc.entity.UserGenericDAO  - FINISHED - query. Result size=3
2017-11-13 11:23:27,021 4143 [main] INFO  edu.matc.entity.UserGenericDAO  - STARTED - save
2017-11-13 11:23:27,035 4157 [main] INFO  edu.matc.entity.UserGenericDAO  - FINISHED - save
2017-11-13 11:23:27,079 4201 [main] INFO  org.hibernate.cfg.Configuration  - HHH000043: Configuring from resource: /hibernate.cfg.xml
2017-11-13 11:23:27,081 4203 [main] INFO  org.hibernate.cfg.Configuration  - HHH000040: Configuration resource: /hibernate.cfg.xml
2017-11-13 11:23:27,103 4225 [main] INFO  org.hibernate.cfg.Configuration  - HHH000041: Configured SessionFactory: null
2017-11-13 11:23:27,105 4227 [main] WARN  org.hibernate.engine.jdbc.connections.internal.DriverManagerConnectionProviderImpl  - HHH000402: Using Hibernate built-in connection pool (not for production use!)
2017-11-13 11:23:27,111 4233 [main] INFO  org.hibernate.engine.jdbc.connections.internal.DriverManagerConnectionProviderImpl  - HHH000401: using driver [com.mysql.jdbc.Driver] at URL [jdbc:mysql://localhost:3306/snaglog_test]
2017-11-13 11:23:27,111 4233 [main] INFO  org.hibernate.engine.jdbc.connections.internal.DriverManagerConnectionProviderImpl  - HHH000046: Connection properties: {user=abriggs3, password=****}
2017-11-13 11:23:27,112 4234 [main] INFO  org.hibernate.engine.jdbc.connections.internal.DriverManagerConnectionProviderImpl  - HHH000006: Autocommit mode: false
2017-11-13 11:23:27,112 4234 [main] INFO  org.hibernate.engine.jdbc.connections.internal.DriverManagerConnectionProviderImpl  - HHH000115: Hibernate connection pool size: 20 (min=1)
2017-11-13 11:23:27,165 4287 [main] INFO  org.hibernate.dialect.Dialect  - HHH000400: Using dialect: org.hibernate.dialect.MySQL5Dialect
2017-11-13 11:23:27,166 4288 [main] INFO  org.hibernate.engine.jdbc.internal.LobCreatorBuilder  - HHH000423: Disabling contextual LOB creation as JDBC driver reported JDBC version [3] less than 4
2017-11-13 11:23:27,220 4342 [main] INFO  org.hibernate.engine.transaction.internal.TransactionFactoryInitiator  - HHH000399: Using default transaction strategy (direct JDBC transactions)
2017-11-13 11:23:27,232 4354 [main] INFO  org.hibernate.hql.internal.ast.ASTQueryTranslatorFactory  - HHH000397: Using ASTQueryTranslatorFactory
2017-11-13 11:23:27,365 4487 [main] INFO  org.hibernate.tool.hbm2ddl.SchemaExport  - HHH000227: Running hbm2ddl schema export
2017-11-13 11:23:27,379 4501 [main] ERROR org.hibernate.tool.hbm2ddl.SchemaExport  - HHH000389: Unsuccessful: alter table Log drop foreign key FK_f132q3b5wga9iq22o7pci4cjv
2017-11-13 11:23:27,384 4506 [main] ERROR org.hibernate.tool.hbm2ddl.SchemaExport  - Can't DROP 'FK_f132q3b5wga9iq22o7pci4cjv'; check that column/key exists
2017-11-13 11:23:27,395 4517 [main] ERROR org.hibernate.tool.hbm2ddl.SchemaExport  - HHH000389: Unsuccessful: alter table Snag drop foreign key FK_pqy8mp70rys8ehcjtdq213kgt
2017-11-13 11:23:27,399 4521 [main] ERROR org.hibernate.tool.hbm2ddl.SchemaExport  - Can't DROP 'FK_pqy8mp70rys8ehcjtdq213kgt'; check that column/key exists
2017-11-13 11:23:27,402 4524 [main] ERROR org.hibernate.tool.hbm2ddl.SchemaExport  - HHH000389: Unsuccessful: alter table User_roles drop foreign key FK_l2p3xdjif1s8jt03iwwthvliw
2017-11-13 11:23:27,403 4525 [main] ERROR org.hibernate.tool.hbm2ddl.SchemaExport  - Can't DROP 'FK_l2p3xdjif1s8jt03iwwthvliw'; check that column/key exists
2017-11-13 11:23:27,413 4535 [main] ERROR org.hibernate.tool.hbm2ddl.SchemaExport  - HHH000389: Unsuccessful: drop table if exists Log
2017-11-13 11:23:27,414 4536 [main] ERROR org.hibernate.tool.hbm2ddl.SchemaExport  - Cannot delete or update a parent row: a foreign key constraint fails
2017-11-13 11:23:27,444 4566 [main] ERROR org.hibernate.tool.hbm2ddl.SchemaExport  - HHH000389: Unsuccessful: drop table if exists Users
2017-11-13 11:23:27,445 4567 [main] ERROR org.hibernate.tool.hbm2ddl.SchemaExport  - Cannot delete or update a parent row: a foreign key constraint fails
2017-11-13 11:23:27,448 4570 [main] ERROR org.hibernate.tool.hbm2ddl.SchemaExport  - HHH000389: Unsuccessful: create table Log (log_id integer not null, county varchar(30), nearest_city varchar(30), put_in_location varchar(256), river_name varchar(255) not null, state varchar(2) not null, takeout_location varchar(256), users_id integer not null, primary key (log_id))
2017-11-13 11:23:27,452 4574 [main] ERROR org.hibernate.tool.hbm2ddl.SchemaExport  - Table 'Log' already exists
2017-11-13 11:23:27,479 4601 [main] ERROR org.hibernate.tool.hbm2ddl.SchemaExport  - HHH000389: Unsuccessful: create table Users (users_id integer not null, first_name varchar(30) not null, last_name varchar(30) not null, user_name varchar(30) not null, user_pass varchar(30) not null, primary key (users_id))
2017-11-13 11:23:27,480 4602 [main] ERROR org.hibernate.tool.hbm2ddl.SchemaExport  - Table 'Users' already exists
2017-11-13 11:23:27,656 4778 [main] INFO  org.hibernate.tool.hbm2ddl.SchemaExport  - HHH000230: Schema export complete
2017-11-13 11:25:42,595 0    [http-nio-8080-exec-4] INFO  org.hibernate.annotations.common.Version  - HCANN000001: Hibernate Commons Annotations {4.0.5.Final}
2017-11-13 11:25:42,613 18   [http-nio-8080-exec-4] INFO  org.hibernate.Version  - HHH000412: Hibernate Core {4.3.11.Final}
2017-11-13 11:25:42,616 21   [http-nio-8080-exec-4] INFO  org.hibernate.cfg.Environment  - HHH000206: hibernate.properties not found
2017-11-13 11:25:42,633 38   [http-nio-8080-exec-4] INFO  org.hibernate.cfg.Environment  - HHH000021: Bytecode provider name : javassist
2017-11-13 11:25:42,703 108  [http-nio-8080-exec-4] INFO  org.hibernate.cfg.Configuration  - HHH000043: Configuring from resource: /hibernate.cfg.xml
2017-11-13 11:25:42,703 108  [http-nio-8080-exec-4] INFO  org.hibernate.cfg.Configuration  - HHH000040: Configuration resource: /hibernate.cfg.xml
2017-11-13 11:25:42,856 261  [http-nio-8080-exec-4] INFO  org.hibernate.cfg.Configuration  - HHH000041: Configured SessionFactory: null
2017-11-13 11:25:43,104 509  [http-nio-8080-exec-4] WARN  org.hibernate.engine.jdbc.connections.internal.DriverManagerConnectionProviderImpl  - HHH000402: Using Hibernate built-in connection pool (not for production use!)
2017-11-13 11:25:43,107 512  [http-nio-8080-exec-4] INFO  org.hibernate.engine.jdbc.connections.internal.DriverManagerConnectionProviderImpl  - HHH000401: using driver [com.mysql.jdbc.Driver] at URL [jdbc:mysql://localhost:3306/snaglog]
2017-11-13 11:25:43,107 512  [http-nio-8080-exec-4] INFO  org.hibernate.engine.jdbc.connections.internal.DriverManagerConnectionProviderImpl  - HHH000046: Connection properties: {user=abriggs3, password=****}
2017-11-13 11:25:43,108 513  [http-nio-8080-exec-4] INFO  org.hibernate.engine.jdbc.connections.internal.DriverManagerConnectionProviderImpl  - HHH000006: Autocommit mode: false
2017-11-13 11:25:43,110 515  [http-nio-8080-exec-4] INFO  org.hibernate.engine.jdbc.connections.internal.DriverManagerConnectionProviderImpl  - HHH000115: Hibernate connection pool size: 20 (min=1)
2017-11-13 11:25:43,698 1103 [http-nio-8080-exec-4] INFO  org.hibernate.dialect.Dialect  - HHH000400: Using dialect: org.hibernate.dialect.MySQL5Dialect
2017-11-13 11:25:43,718 1123 [http-nio-8080-exec-4] INFO  org.hibernate.engine.jdbc.internal.LobCreatorBuilder  - HHH000423: Disabling contextual LOB creation as JDBC driver reported JDBC version [3] less than 4
2017-11-13 11:25:44,094 1499 [http-nio-8080-exec-4] INFO  org.hibernate.engine.transaction.internal.TransactionFactoryInitiator  - HHH000399: Using default transaction strategy (direct JDBC transactions)
2017-11-13 11:25:44,100 1505 [http-nio-8080-exec-4] INFO  org.hibernate.hql.internal.ast.ASTQueryTranslatorFactory  - HHH000397: Using ASTQueryTranslatorFactory
2017-11-13 11:25:44,839 2244 [http-nio-8080-exec-4] INFO  edu.matc.entity.UserGenericDAO  - STARTED - query
2017-11-13 11:25:45,676 3081 [http-nio-8080-exec-4] INFO  edu.matc.entity.UserGenericDAO  - This is the hsql FROM User where userName = 'admin'
2017-11-13 11:25:45,676 3081 [http-nio-8080-exec-4] INFO  edu.matc.entity.UserGenericDAO  - FINISHED - query. Result size=1
